*** Using Compiler 'V5.06 update 6 (build 750)', folder: 'D:\SoftWare\Keil_MDK\ARM\ARMCC\Bin'
Build target 'STM32F407ZGT6-Template'
compiling tim.c...
compiling spi.c...
compiling gpio.c...
compiling sdio.c...
compiling main.c...
compiling stm32f4xx_it.c...
compiling diskio.c...
compiling stm32f4xx_hal_msp.c...
compiling usart.c...
compiling exfuns.c...
compiling rng.c...
compiling sdio_card.c...
..\PublicDriver\SDIO_CARD\sdio_card.c(52): warning:  #870-D: invalid multibyte character sequence
      printf("é€»è¾‘å—æ•°é‡?:%d \r\n", (uint32_t)(g_sd_card_info_handle.LogBlockNbr));  /*æ˜¾ç¤ºé€»è¾‘å—æ•°é‡? */
..\PublicDriver\SDIO_CARD\sdio_card.c(53): warning:  #870-D: invalid multibyte character sequence
      printf("é€»è¾‘å—å¤§å°?:%d \r\n", (uint32_t)(g_sd_card_info_handle.LogBlockSize)); /*æ˜¾ç¤ºé€»è¾‘å—å¤§å°? */
..\PublicDriver\SDIO_CARD\sdio_card.c(54): warning:  #870-D: invalid multibyte character sequence
      printf("SDå¡å®¹é‡?:%d MB\r\n", (uint32_t)SD_TOTAL_SIZE_MB(&hsd));               /*æ˜¾ç¤ºå®¹é‡ */
..\PublicDriver\SDIO_CARD\sdio_card.c(55): warning:  #870-D: invalid multibyte character sequence
      printf("å—å¤§å°?:%d\r\n\r\n", g_sd_card_info_handle.BlockSize);                 /*æ˜¾ç¤ºå—å¤§å°? */
..\PublicDriver\SDIO_CARD\sdio_card.c: 4 warnings, 0 errors
compiling malloc.c...
compiling private_cfg.c...
..\PublicDriver\PRIVATE_CFG\private_cfg.c(122): warning:  #188-D: enumerated type mixed with another type
  		return down;
..\PublicDriver\PRIVATE_CFG\private_cfg.c: 1 warning, 0 errors
compiling w25q128.c...
compiling fsmc.c...
compiling tftlcd.c...
linking...
STM32F407ZGT6-Template\STM32F407ZGT6-Template.axf: Error: L6218E: Undefined symbol r_count (referred from main.o).
Not enough information to list image symbols.
Not enough information to list load addresses in the image map.
Finished: 2 information, 0 warning and 1 error messages.
"STM32F407ZGT6-Template\STM32F407ZGT6-Template.axf" - 1 Error(s), 5 Warning(s).
Target not created.
Build Time Elapsed:  00:00:04
